Arguments: 
  C:\Program Files\nodejs\node.exe C:\Users\Kyle\AppData\Roaming\npm\node_modules\yarn\bin\yarn.js add netflify-lambda serverless-http

PATH: 
  C:\Python311\Scripts\;C:\Python311\;C:\Program Files (x86)\VMware\VMware Workstation\bin\;C:\Program Files (x86)\Intel\Intel(R) Management Engine Components\iCLS\;C:\Program Files\Intel\Intel(R) Management Engine Components\iCLS\;C:\Windows\system32;C:\Windows;C:\Windows\System32\Wbem;C:\Windows\System32\WindowsPowerShell\v1.0\;C:\Windows\System32\OpenSSH\;C:\Program Files (x86)\Microsoft SQL Server\160\Tools\Binn\;C:\Program Files\Microsoft SQL Server\160\Tools\Binn\;C:\Program Files\Microsoft SQL Server\Client SDK\ODBC\170\Tools\Binn\;C:\Program Files\Microsoft SQL Server\160\DTS\Binn\;C:\Program Files (x86)\Microsoft SQL Server\160\DTS\Binn\;C:\Program Files\Azure Data Studio\bin;C:\Program Files\PuTTY\;C:\Program Files (x86)\Bitvise SSH Client;C:\Program Files\nodejs\;C:\ProgramData\chocolatey\bin;C:\Program Files\Git\cmd;C:\Users\Kyle\AppData\Local\Microsoft\WindowsApps;C:\Users\Kyle\AppData\Local\Programs\Microsoft VS Code\bin;C:\Users\Kyle\AppData\Local\GitHubDesktop\bin;C:\Program Files\Azure Data Studio\bin;C:\Users\Kyle\AppData\Roaming\npm

Yarn version: 
  1.22.19

Node version: 
  18.14.2

Platform: 
  win32 x64

Trace: 
  Error: https://registry.yarnpkg.com/netflify-lambda: Not found
      at params.callback [as _callback] (C:\Users\Kyle\AppData\Roaming\npm\node_modules\yarn\lib\cli.js:66145:18)
      at self.callback (C:\Users\Kyle\AppData\Roaming\npm\node_modules\yarn\lib\cli.js:140890:22)
      at Request.emit (node:events:513:28)
      at Request.<anonymous> (C:\Users\Kyle\AppData\Roaming\npm\node_modules\yarn\lib\cli.js:141862:10)
      at Request.emit (node:events:513:28)
      at IncomingMessage.<anonymous> (C:\Users\Kyle\AppData\Roaming\npm\node_modules\yarn\lib\cli.js:141784:12)
      at Object.onceWrapper (node:events:627:28)
      at IncomingMessage.emit (node:events:525:35)
      at endReadableNT (node:internal/streams/readable:1359:12)
      at process.processTicksAndRejections (node:internal/process/task_queues:82:21)

npm manifest: 
  {
    "name": "hikari-backend",
    "version": "1.0.0",
    "description": "",
    "main": "index.js",
    "scripts": {
      "test": "echo \"Error: no test specified\" && exit 1",
      "start": "nodemon index.js",
      "encrypt": "node encrypt.js",
      "deploy": "netlify deploy --prod"
    },
    "keywords": [],
    "author": "",
    "license": "ISC",
    "dependencies": {
      "@ethersproject/providers": "^5.7.2",
      "axios": "^1.2.2",
      "bignumber.js": "^9.1.1",
      "body-parser": "^1.20.1",
      "cors": "^2.8.5",
      "cron": "^2.1.0",
      "crypto": "^1.0.1",
      "dotenv": "^16.0.3",
      "ethers": "^5.7.2",
      "express": "^4.18.2",
      "firebase": "^8.6.1",
      "netlify-cli": "^13.0.1",
      "node-telegram-bot-api": "^0.61.0",
      "nodemon": "^2.0.20",
      "web3": "^1.8.2"
    }
  }

yarn manifest: 
  No manifest

Lockfile: 
  No lockfile
